This file contains any messages produced by compilers while
running configure, to aid debugging if configure makes a mistake.

It was created by libpafe configure 0.0.7, which was
generated by GNU Autoconf 2.64.  Invocation command line was

  $ ./configure 

## --------- ##
## Platform. ##
## --------- ##

hostname = soroban-himonya
uname -m = armv6l
uname -r = 3.6.11+
uname -s = Linux
uname -v = #456 PREEMPT Mon May 20 17:42:15 BST 2013

/usr/bin/uname -p = unknown
/bin/uname -X     = unknown

/bin/arch              = unknown
/usr/bin/arch -k       = unknown
/usr/convex/getsysinfo = unknown
/usr/bin/hostinfo      = unknown
/bin/machine           = unknown
/usr/bin/oslevel       = unknown
/bin/universe          = unknown

PATH: /usr/local/sbin
PATH: /usr/local/bin
PATH: /usr/sbin
PATH: /usr/bin
PATH: /sbin
PATH: /bin


## ----------- ##
## Core tests. ##
## ----------- ##

configure:2523: checking for a BSD-compatible install
configure:2591: result: /usr/bin/install -c
configure:2602: checking whether build environment is sane
configure:2652: result: yes
configure:2793: checking for a thread-safe mkdir -p
configure:2832: result: /bin/mkdir -p
configure:2845: checking for gawk
configure:2875: result: no
configure:2845: checking for mawk
configure:2861: found /usr/bin/mawk
configure:2872: result: mawk
configure:2883: checking whether make sets $(MAKE)
configure:2905: result: yes
configure:3040: checking for gcc
configure:3056: found /usr/bin/gcc
configure:3067: result: gcc
configure:3296: checking for C compiler version
configure:3305: gcc --version >&5
gcc (Debian 4.6.3-14+rpi1) 4.6.3
Copyright (C) 2011 Free Software Foundation, Inc.
This is free software; see the source for copying conditions.  There is NO
warranty; not even for MERCHANTABILITY or FITNESS FOR A PARTICULAR PURPOSE.

configure:3316: $? = 0
configure:3305: gcc -v >&5
Using built-in specs.
COLLECT_GCC=gcc
COLLECT_LTO_WRAPPER=/usr/lib/gcc/arm-linux-gnueabihf/4.6/lto-wrapper
Target: arm-linux-gnueabihf
Configured with: ../src/configure -v --with-pkgversion='Debian 4.6.3-14+rpi1' --with-bugurl=file:///usr/share/doc/gcc-4.6/README.Bugs --enable-languages=c,c++,fortran,objc,obj-c++ --prefix=/usr --program-suffix=-4.6 --enable-shared --enable-linker-build-id --with-system-zlib --libexecdir=/usr/lib --without-included-gettext --enable-threads=posix --with-gxx-include-dir=/usr/include/c++/4.6 --libdir=/usr/lib --enable-nls --with-sysroot=/ --enable-clocale=gnu --enable-libstdcxx-debug --enable-libstdcxx-time=yes --enable-gnu-unique-object --enable-plugin --enable-objc-gc --disable-sjlj-exceptions --with-arch=armv6 --with-fpu=vfp --with-float=hard --enable-checking=release --build=arm-linux-gnueabihf --host=arm-linux-gnueabihf --target=arm-linux-gnueabihf
Thread model: posix
gcc version 4.6.3 (Debian 4.6.3-14+rpi1) 
configure:3316: $? = 0
configure:3305: gcc -V >&5
gcc: error: unrecognized option '-V'
gcc: fatal error: no input files
compilation terminated.
configure:3316: $? = 4
configure:3305: gcc -qversion >&5
gcc: error: unrecognized option '-qversion'
gcc: fatal error: no input files
compilation terminated.
configure:3316: $? = 4
configure:3338: checking for C compiler default output file name
configure:3360: gcc    conftest.c  >&5
configure:3364: $? = 0
configure:3401: result: a.out
configure:3417: checking whether the C compiler works
configure:3426: ./a.out
configure:3430: $? = 0
configure:3445: result: yes
configure:3452: checking whether we are cross compiling
configure:3454: result: no
configure:3457: checking for suffix of executables
configure:3464: gcc -o conftest    conftest.c  >&5
configure:3468: $? = 0
configure:3490: result: 
configure:3496: checking for suffix of object files
configure:3518: gcc -c   conftest.c >&5
configure:3522: $? = 0
configure:3543: result: o
configure:3547: checking whether we are using the GNU C compiler
configure:3566: gcc -c   conftest.c >&5
configure:3566: $? = 0
configure:3575: result: yes
configure:3584: checking whether gcc accepts -g
configure:3604: gcc -c -g  conftest.c >&5
configure:3604: $? = 0
configure:3645: result: yes
configure:3662: checking for gcc option to accept ISO C89
configure:3726: gcc  -c -g -O2  conftest.c >&5
configure:3726: $? = 0
configure:3739: result: none needed
configure:3770: checking for style of include used by make
configure:3798: result: GNU
configure:3823: checking dependency style of gcc
configure:3933: result: gcc3
configure:3949: checking whether gcc and cc understand -c and -o together
configure:3980: gcc -c conftest.c -o conftest2.o >&5
configure:3984: $? = 0
configure:3990: gcc -c conftest.c -o conftest2.o >&5
configure:3994: $? = 0
configure:4005: cc -c conftest.c >&5
configure:4009: $? = 0
configure:4017: cc -c conftest.c -o conftest2.o >&5
configure:4021: $? = 0
configure:4027: cc -c conftest.c -o conftest2.o >&5
configure:4031: $? = 0
configure:4049: result: yes
configure:4104: checking build system type
configure:4118: result: armv6l-unknown-linux-gnueabi
configure:4138: checking host system type
configure:4151: result: armv6l-unknown-linux-gnueabi
configure:4171: checking for a sed that does not truncate output
configure:4235: result: /bin/sed
configure:4253: checking for grep that handles long lines and -e
configure:4311: result: /bin/grep
configure:4316: checking for egrep
configure:4378: result: /bin/grep -E
configure:4383: checking for fgrep
configure:4445: result: /bin/grep -F
configure:4480: checking for ld used by gcc
configure:4547: result: /usr/bin/ld
configure:4554: checking if the linker (/usr/bin/ld) is GNU ld
configure:4569: result: yes
configure:4581: checking for BSD- or MS-compatible name lister (nm)
configure:4630: result: /usr/bin/nm -B
configure:4748: checking the name lister (/usr/bin/nm -B) interface
configure:4755: gcc -c -g -O2  conftest.c >&5
configure:4758: /usr/bin/nm -B "conftest.o"
configure:4761: output
00000000 B some_variable
configure:4768: result: BSD nm
configure:4771: checking whether ln -s works
configure:4775: result: yes
configure:4783: checking the maximum length of command line arguments
configure:4903: result: 1572864
configure:4920: checking whether the shell understands some XSI constructs
configure:4930: result: yes
configure:4934: checking whether the shell understands "+="
configure:4940: result: yes
configure:4975: checking for /usr/bin/ld option to reload object files
configure:4982: result: -r
configure:5051: checking for objdump
configure:5067: found /usr/bin/objdump
configure:5078: result: objdump
configure:5110: checking how to recognize dependent libraries
configure:5306: result: pass_all
configure:5366: checking for ar
configure:5382: found /usr/bin/ar
configure:5393: result: ar
configure:5471: checking for strip
configure:5487: found /usr/bin/strip
configure:5498: result: strip
configure:5570: checking for ranlib
configure:5586: found /usr/bin/ranlib
configure:5597: result: ranlib
configure:5687: checking command to parse /usr/bin/nm -B output from gcc object
configure:5805: gcc -c -g -O2  conftest.c >&5
configure:5808: $? = 0
configure:5812: /usr/bin/nm -B conftest.o \| sed -n -e 's/^.*[	 ]\([ABCDGIRSTW][ABCDGIRSTW]*\)[	 ][	 ]*\([_A-Za-z][_A-Za-z0-9]*\)$/\1 \2 \2/p' \> conftest.nm
configure:5815: $? = 0
configure:5869: gcc -o conftest -g -O2   conftest.c conftstm.o >&5
configure:5872: $? = 0
configure:5910: result: ok
configure:6719: checking how to run the C preprocessor
configure:6750: gcc -E  conftest.c
configure:6750: $? = 0
configure:6764: gcc -E  conftest.c
conftest.c:11:28: fatal error: ac_nonexistent.h: No such file or directory
compilation terminated.
configure:6764: $? = 1
configure: failed program was:
| /* confdefs.h */
| #define PACKAGE_NAME "libpafe"
| #define PACKAGE_TARNAME "libpafe"
| #define PACKAGE_VERSION "0.0.7"
| #define PACKAGE_STRING "libpafe 0.0.7"
| #define PACKAGE_BUGREPORT "ZXB01226@nifty.com"
| #define PACKAGE_URL ""
| #define PACKAGE "libpafe"
| #define VERSION "0.0.7"
| /* end confdefs.h.  */
| #include <ac_nonexistent.h>
configure:6789: result: gcc -E
configure:6809: gcc -E  conftest.c
configure:6809: $? = 0
configure:6823: gcc -E  conftest.c
conftest.c:11:28: fatal error: ac_nonexistent.h: No such file or directory
compilation terminated.
configure:6823: $? = 1
configure: failed program was:
| /* confdefs.h */
| #define PACKAGE_NAME "libpafe"
| #define PACKAGE_TARNAME "libpafe"
| #define PACKAGE_VERSION "0.0.7"
| #define PACKAGE_STRING "libpafe 0.0.7"
| #define PACKAGE_BUGREPORT "ZXB01226@nifty.com"
| #define PACKAGE_URL ""
| #define PACKAGE "libpafe"
| #define VERSION "0.0.7"
| /* end confdefs.h.  */
| #include <ac_nonexistent.h>
configure:6852: checking for ANSI C header files
configure:6872: gcc -c -g -O2  conftest.c >&5
configure:6872: $? = 0
configure:6945: gcc -o conftest -g -O2   conftest.c  >&5
configure:6945: $? = 0
configure:6945: ./conftest
configure:6945: $? = 0
configure:6956: result: yes
configure:6969: checking for sys/types.h
configure:6969: gcc -c -g -O2  conftest.c >&5
configure:6969: $? = 0
configure:6969: result: yes
configure:6969: checking for sys/stat.h
configure:6969: gcc -c -g -O2  conftest.c >&5
configure:6969: $? = 0
configure:6969: result: yes
configure:6969: checking for stdlib.h
configure:6969: gcc -c -g -O2  conftest.c >&5
configure:6969: $? = 0
configure:6969: result: yes
configure:6969: checking for string.h
configure:6969: gcc -c -g -O2  conftest.c >&5
configure:6969: $? = 0
configure:6969: result: yes
configure:6969: checking for memory.h
configure:6969: gcc -c -g -O2  conftest.c >&5
configure:6969: $? = 0
configure:6969: result: yes
configure:6969: checking for strings.h
configure:6969: gcc -c -g -O2  conftest.c >&5
configure:6969: $? = 0
configure:6969: result: yes
configure:6969: checking for inttypes.h
configure:6969: gcc -c -g -O2  conftest.c >&5
configure:6969: $? = 0
configure:6969: result: yes
configure:6969: checking for stdint.h
configure:6969: gcc -c -g -O2  conftest.c >&5
configure:6969: $? = 0
configure:6969: result: yes
configure:6969: checking for unistd.h
configure:6969: gcc -c -g -O2  conftest.c >&5
configure:6969: $? = 0
configure:6969: result: yes
configure:6984: checking for dlfcn.h
configure:6984: gcc -c -g -O2  conftest.c >&5
configure:6984: $? = 0
configure:6984: result: yes
configure:7168: checking for objdir
configure:7183: result: .libs
configure:7475: checking if gcc supports -fno-rtti -fno-exceptions
configure:7493: gcc -c -g -O2  -fno-rtti -fno-exceptions conftest.c >&5
cc1: warning: command line option '-fno-rtti' is valid for C++/ObjC++ but not for C [enabled by default]
configure:7497: $? = 0
configure:7510: result: no
configure:7530: checking for gcc option to produce PIC
configure:7802: result: -fPIC -DPIC
configure:7814: checking if gcc PIC flag -fPIC -DPIC works
configure:7832: gcc -c -g -O2  -fPIC -DPIC -DPIC conftest.c >&5
configure:7836: $? = 0
configure:7849: result: yes
configure:7873: checking if gcc static flag -static works
configure:7901: result: yes
configure:7916: checking if gcc supports -c -o file.o
configure:7937: gcc -c -g -O2  -o out/conftest2.o conftest.c >&5
configure:7941: $? = 0
configure:7963: result: yes
configure:7971: checking if gcc supports -c -o file.o
configure:8018: result: yes
configure:8051: checking whether the gcc linker (/usr/bin/ld) supports shared libraries
configure:9041: result: yes
configure:9078: checking whether -lc should be explicitly linked in
configure:9083: gcc -c -g -O2  conftest.c >&5
configure:9086: $? = 0
configure:9101: gcc -shared conftest.o  -v -Wl,-soname -Wl,conftest -o conftest 2\>\&1 \| /bin/grep  -lc  \>/dev/null 2\>\&1
configure:9104: $? = 0
configure:9116: result: no
configure:9280: checking dynamic linker characteristics
configure:9713: gcc -o conftest -g -O2   -Wl,-rpath -Wl,/foo conftest.c  >&5
configure:9713: $? = 0
configure:9943: result: GNU/Linux ld.so
configure:10045: checking how to hardcode library paths into programs
configure:10070: result: immediate
configure:10590: checking whether stripping libraries is possible
configure:10595: result: yes
configure:10630: checking if libtool supports shared libraries
configure:10632: result: yes
configure:10635: checking whether to build shared libraries
configure:10656: result: yes
configure:10659: checking whether to build static libraries
configure:10663: result: yes
configure:10729: checking whether make sets $(MAKE)
configure:10751: result: yes
configure:10762: checking for ANSI C header files
configure:10866: result: yes
configure:10877: checking fcntl.h usability
configure:10877: gcc -c -g -O2  conftest.c >&5
configure:10877: $? = 0
configure:10877: result: yes
configure:10877: checking fcntl.h presence
configure:10877: gcc -E  conftest.c
configure:10877: $? = 0
configure:10877: result: yes
configure:10877: checking for fcntl.h
configure:10877: result: yes
configure:10877: checking for stdlib.h
configure:10877: result: yes
configure:10877: checking stdio.h usability
configure:10877: gcc -c -g -O2  conftest.c >&5
configure:10877: $? = 0
configure:10877: result: yes
configure:10877: checking stdio.h presence
configure:10877: gcc -E  conftest.c
configure:10877: $? = 0
configure:10877: result: yes
configure:10877: checking for stdio.h
configure:10877: result: yes
configure:10877: checking for string.h
configure:10877: result: yes
configure:10877: checking sys/ioctl.h usability
configure:10877: gcc -c -g -O2  conftest.c >&5
configure:10877: $? = 0
configure:10877: result: yes
configure:10877: checking sys/ioctl.h presence
configure:10877: gcc -E  conftest.c
configure:10877: $? = 0
configure:10877: result: yes
configure:10877: checking for sys/ioctl.h
configure:10877: result: yes
configure:10877: checking usb.h usability
configure:10877: gcc -c -g -O2  conftest.c >&5
conftest.c:62:17: fatal error: usb.h: No such file or directory
compilation terminated.
configure:10877: $? = 1
configure: failed program was:
| /* confdefs.h */
| #define PACKAGE_NAME "libpafe"
| #define PACKAGE_TARNAME "libpafe"
| #define PACKAGE_VERSION "0.0.7"
| #define PACKAGE_STRING "libpafe 0.0.7"
| #define PACKAGE_BUGREPORT "ZXB01226@nifty.com"
| #define PACKAGE_URL ""
| #define PACKAGE "libpafe"
| #define VERSION "0.0.7"
| #define STDC_HEADERS 1
| #define HAVE_SYS_TYPES_H 1
| #define HAVE_SYS_STAT_H 1
| #define HAVE_STDLIB_H 1
| #define HAVE_STRING_H 1
| #define HAVE_MEMORY_H 1
| #define HAVE_STRINGS_H 1
| #define HAVE_INTTYPES_H 1
| #define HAVE_STDINT_H 1
| #define HAVE_UNISTD_H 1
| #define HAVE_DLFCN_H 1
| #define LT_OBJDIR ".libs/"
| #define STDC_HEADERS 1
| #define HAVE_FCNTL_H 1
| #define HAVE_STDLIB_H 1
| #define HAVE_STDIO_H 1
| #define HAVE_STRING_H 1
| #define HAVE_SYS_IOCTL_H 1
| /* end confdefs.h.  */
| #include <stdio.h>
| #ifdef HAVE_SYS_TYPES_H
| # include <sys/types.h>
| #endif
| #ifdef HAVE_SYS_STAT_H
| # include <sys/stat.h>
| #endif
| #ifdef STDC_HEADERS
| # include <stdlib.h>
| # include <stddef.h>
| #else
| # ifdef HAVE_STDLIB_H
| #  include <stdlib.h>
| # endif
| #endif
| #ifdef HAVE_STRING_H
| # if !defined STDC_HEADERS && defined HAVE_MEMORY_H
| #  include <memory.h>
| # endif
| # include <string.h>
| #endif
| #ifdef HAVE_STRINGS_H
| # include <strings.h>
| #endif
| #ifdef HAVE_INTTYPES_H
| # include <inttypes.h>
| #endif
| #ifdef HAVE_STDINT_H
| # include <stdint.h>
| #endif
| #ifdef HAVE_UNISTD_H
| # include <unistd.h>
| #endif
| #include <usb.h>
configure:10877: result: no
configure:10877: checking usb.h presence
configure:10877: gcc -E  conftest.c
conftest.c:29:17: fatal error: usb.h: No such file or directory
compilation terminated.
configure:10877: $? = 1
configure: failed program was:
| /* confdefs.h */
| #define PACKAGE_NAME "libpafe"
| #define PACKAGE_TARNAME "libpafe"
| #define PACKAGE_VERSION "0.0.7"
| #define PACKAGE_STRING "libpafe 0.0.7"
| #define PACKAGE_BUGREPORT "ZXB01226@nifty.com"
| #define PACKAGE_URL ""
| #define PACKAGE "libpafe"
| #define VERSION "0.0.7"
| #define STDC_HEADERS 1
| #define HAVE_SYS_TYPES_H 1
| #define HAVE_SYS_STAT_H 1
| #define HAVE_STDLIB_H 1
| #define HAVE_STRING_H 1
| #define HAVE_MEMORY_H 1
| #define HAVE_STRINGS_H 1
| #define HAVE_INTTYPES_H 1
| #define HAVE_STDINT_H 1
| #define HAVE_UNISTD_H 1
| #define HAVE_DLFCN_H 1
| #define LT_OBJDIR ".libs/"
| #define STDC_HEADERS 1
| #define HAVE_FCNTL_H 1
| #define HAVE_STDLIB_H 1
| #define HAVE_STDIO_H 1
| #define HAVE_STRING_H 1
| #define HAVE_SYS_IOCTL_H 1
| /* end confdefs.h.  */
| #include <usb.h>
configure:10877: result: no
configure:10877: checking for usb.h
configure:10877: result: no
configure:10890: checking for an ANSI C-conforming const
configure:10955: gcc -c -g -O2  conftest.c >&5
configure:10955: $? = 0
configure:10962: result: yes
configure:10970: checking whether time.h and sys/time.h may both be included
configure:10990: gcc -c -g -O2  conftest.c >&5
configure:10990: $? = 0
configure:10997: result: yes
configure:11005: checking whether struct tm is in sys/time.h or time.h
configure:11025: gcc -c -g -O2  conftest.c >&5
configure:11025: $? = 0
configure:11032: result: time.h
configure:11045: checking size of short
configure:11050: gcc -o conftest -g -O2   conftest.c  >&5
configure:11050: $? = 0
configure:11050: ./conftest
configure:11050: $? = 0
configure:11065: result: 2
configure:11078: checking whether gcc needs -traditional
configure:11112: result: no
configure:11121: checking for stdlib.h
configure:11121: result: yes
configure:11131: checking for GNU libc compatible malloc
configure:11155: gcc -o conftest -g -O2   conftest.c  >&5
configure:11155: $? = 0
configure:11155: ./conftest
configure:11155: $? = 0
configure:11165: result: yes
configure:11192: checking for sys/time.h
configure:11192: gcc -c -g -O2  conftest.c >&5
configure:11192: $? = 0
configure:11192: result: yes
configure:11192: checking for unistd.h
configure:11192: result: yes
configure:11214: checking for alarm
configure:11214: gcc -o conftest -g -O2   conftest.c  >&5
configure:11214: $? = 0
configure:11214: result: yes
configure:11228: checking for working mktime
configure:11433: gcc -o conftest -g -O2   conftest.c  >&5
configure:11433: $? = 0
configure:11433: ./conftest
configure:11433: $? = 0
configure:11443: result: yes
configure:11457: checking sys/select.h usability
configure:11457: gcc -c -g -O2  conftest.c >&5
configure:11457: $? = 0
configure:11457: result: yes
configure:11457: checking sys/select.h presence
configure:11457: gcc -E  conftest.c
configure:11457: $? = 0
configure:11457: result: yes
configure:11457: checking for sys/select.h
configure:11457: result: yes
configure:11457: checking sys/socket.h usability
configure:11457: gcc -c -g -O2  conftest.c >&5
configure:11457: $? = 0
configure:11457: result: yes
configure:11457: checking sys/socket.h presence
configure:11457: gcc -E  conftest.c
configure:11457: $? = 0
configure:11457: result: yes
configure:11457: checking for sys/socket.h
configure:11457: result: yes
configure:11468: checking types of arguments for select
configure:11496: gcc -c -g -O2  conftest.c >&5
configure:11496: $? = 0
configure:11507: result: int,fd_set *,struct timeval *
configure:11532: checking for select
configure:11532: gcc -o conftest -g -O2   conftest.c  >&5
configure:11532: $? = 0
configure:11532: result: yes
configure:11543: checking for usb_init in -lusb
configure:11568: gcc -o conftest -g -O2   conftest.c -lusb   >&5
/usr/bin/ld: cannot find -lusb
collect2: ld returned 1 exit status
configure:11568: $? = 1
configure: failed program was:
| /* confdefs.h */
| #define PACKAGE_NAME "libpafe"
| #define PACKAGE_TARNAME "libpafe"
| #define PACKAGE_VERSION "0.0.7"
| #define PACKAGE_STRING "libpafe 0.0.7"
| #define PACKAGE_BUGREPORT "ZXB01226@nifty.com"
| #define PACKAGE_URL ""
| #define PACKAGE "libpafe"
| #define VERSION "0.0.7"
| #define STDC_HEADERS 1
| #define HAVE_SYS_TYPES_H 1
| #define HAVE_SYS_STAT_H 1
| #define HAVE_STDLIB_H 1
| #define HAVE_STRING_H 1
| #define HAVE_MEMORY_H 1
| #define HAVE_STRINGS_H 1
| #define HAVE_INTTYPES_H 1
| #define HAVE_STDINT_H 1
| #define HAVE_UNISTD_H 1
| #define HAVE_DLFCN_H 1
| #define LT_OBJDIR ".libs/"
| #define STDC_HEADERS 1
| #define HAVE_FCNTL_H 1
| #define HAVE_STDLIB_H 1
| #define HAVE_STDIO_H 1
| #define HAVE_STRING_H 1
| #define HAVE_SYS_IOCTL_H 1
| #define TIME_WITH_SYS_TIME 1
| #define SIZEOF_SHORT 2
| #define HAVE_STDLIB_H 1
| #define HAVE_MALLOC 1
| #define HAVE_SYS_TIME_H 1
| #define HAVE_UNISTD_H 1
| #define HAVE_ALARM 1
| #define HAVE_SYS_SELECT_H 1
| #define HAVE_SYS_SOCKET_H 1
| #define SELECT_TYPE_ARG1 int
| #define SELECT_TYPE_ARG234 (fd_set *)
| #define SELECT_TYPE_ARG5 (struct timeval *)
| #define HAVE_SELECT 1
| /* end confdefs.h.  */
| 
| /* Override any GCC internal prototype to avoid an error.
|    Use char because int might match the return type of a GCC
|    builtin and then its argument prototype would still apply.  */
| #ifdef __cplusplus
| extern "C"
| #endif
| char usb_init ();
| int
| main ()
| {
| return usb_init ();
|   ;
|   return 0;
| }
configure:11577: result: no
configure:11586: error: *** USB library is not found ***

## ---------------- ##
## Cache variables. ##
## ---------------- ##

ac_cv_build=armv6l-unknown-linux-gnueabi
ac_cv_c_compiler_gnu=yes
ac_cv_c_const=yes
ac_cv_env_CC_set=
ac_cv_env_CC_value=
ac_cv_env_CFLAGS_set=
ac_cv_env_CFLAGS_value=
ac_cv_env_CPPFLAGS_set=
ac_cv_env_CPPFLAGS_value=
ac_cv_env_CPP_set=
ac_cv_env_CPP_value=
ac_cv_env_LDFLAGS_set=
ac_cv_env_LDFLAGS_value=
ac_cv_env_LIBS_set=
ac_cv_env_LIBS_value=
ac_cv_env_build_alias_set=
ac_cv_env_build_alias_value=
ac_cv_env_host_alias_set=
ac_cv_env_host_alias_value=
ac_cv_env_target_alias_set=
ac_cv_env_target_alias_value=
ac_cv_func_alarm=yes
ac_cv_func_malloc_0_nonnull=yes
ac_cv_func_select=yes
ac_cv_func_select_args='int,fd_set *,struct timeval *'
ac_cv_func_working_mktime=yes
ac_cv_header_dlfcn_h=yes
ac_cv_header_fcntl_h=yes
ac_cv_header_inttypes_h=yes
ac_cv_header_memory_h=yes
ac_cv_header_stdc=yes
ac_cv_header_stdint_h=yes
ac_cv_header_stdio_h=yes
ac_cv_header_stdlib_h=yes
ac_cv_header_string_h=yes
ac_cv_header_strings_h=yes
ac_cv_header_sys_ioctl_h=yes
ac_cv_header_sys_select_h=yes
ac_cv_header_sys_socket_h=yes
ac_cv_header_sys_stat_h=yes
ac_cv_header_sys_time_h=yes
ac_cv_header_sys_types_h=yes
ac_cv_header_time=yes
ac_cv_header_unistd_h=yes
ac_cv_header_usb_h=no
ac_cv_host=armv6l-unknown-linux-gnueabi
ac_cv_lib_usb_usb_init=no
ac_cv_objext=o
ac_cv_path_EGREP='/bin/grep -E'
ac_cv_path_FGREP='/bin/grep -F'
ac_cv_path_GREP=/bin/grep
ac_cv_path_SED=/bin/sed
ac_cv_path_install='/usr/bin/install -c'
ac_cv_path_mkdir=/bin/mkdir
ac_cv_prog_AWK=mawk
ac_cv_prog_CPP='gcc -E'
ac_cv_prog_ac_ct_AR=ar
ac_cv_prog_ac_ct_CC=gcc
ac_cv_prog_ac_ct_OBJDUMP=objdump
ac_cv_prog_ac_ct_RANLIB=ranlib
ac_cv_prog_ac_ct_STRIP=strip
ac_cv_prog_cc_c89=
ac_cv_prog_cc_g=yes
ac_cv_prog_cc_gcc_c_o=yes
ac_cv_prog_gcc_traditional=no
ac_cv_prog_make_make_set=yes
ac_cv_sizeof_short=2
ac_cv_struct_tm=time.h
am_cv_CC_dependencies_compiler_type=gcc3
lt_cv_deplibs_check_method=pass_all
lt_cv_file_magic_cmd='$MAGIC_CMD'
lt_cv_file_magic_test_file=
lt_cv_ld_reload_flag=-r
lt_cv_nm_interface='BSD nm'
lt_cv_objdir=.libs
lt_cv_path_LD=/usr/bin/ld
lt_cv_path_NM='/usr/bin/nm -B'
lt_cv_prog_compiler_c_o=yes
lt_cv_prog_compiler_pic_works=yes
lt_cv_prog_compiler_rtti_exceptions=no
lt_cv_prog_compiler_static_works=yes
lt_cv_prog_gnu_ld=yes
lt_cv_sys_global_symbol_pipe='sed -n -e '\''s/^.*[	 ]\([ABCDGIRSTW][ABCDGIRSTW]*\)[	 ][	 ]*\([_A-Za-z][_A-Za-z0-9]*\)$/\1 \2 \2/p'\'''
lt_cv_sys_global_symbol_to_c_name_address='sed -n -e '\''s/^: \([^ ]*\) $/  {\"\1\", (void *) 0},/p'\'' -e '\''s/^[ABCDGIRSTW]* \([^ ]*\) \([^ ]*\)$/  {"\2", (void *) \&\2},/p'\'''
lt_cv_sys_global_symbol_to_c_name_address_lib_prefix='sed -n -e '\''s/^: \([^ ]*\) $/  {\"\1\", (void *) 0},/p'\'' -e '\''s/^[ABCDGIRSTW]* \([^ ]*\) \(lib[^ ]*\)$/  {"\2", (void *) \&\2},/p'\'' -e '\''s/^[ABCDGIRSTW]* \([^ ]*\) \([^ ]*\)$/  {"lib\2", (void *) \&\2},/p'\'''
lt_cv_sys_global_symbol_to_cdecl='sed -n -e '\''s/^T .* \(.*\)$/extern int \1();/p'\'' -e '\''s/^[ABCDGIRSTW]* .* \(.*\)$/extern char \1;/p'\'''
lt_cv_sys_max_cmd_len=1572864

## ----------------- ##
## Output variables. ##
## ----------------- ##

ACLOCAL='${SHELL} /var/libpafe/missing --run aclocal-1.11'
AMDEPBACKSLASH='\'
AMDEP_FALSE='#'
AMDEP_TRUE=''
AMTAR='${SHELL} /var/libpafe/missing --run tar'
AR='ar'
AUTOCONF='${SHELL} /var/libpafe/missing --run autoconf'
AUTOHEADER='${SHELL} /var/libpafe/missing --run autoheader'
AUTOMAKE='${SHELL} /var/libpafe/missing --run automake-1.11'
AWK='mawk'
CC='gcc'
CCDEPMODE='depmode=gcc3'
CFLAGS='-g -O2'
CPP='gcc -E'
CPPFLAGS=''
CYGPATH_W='echo'
DEFS=''
DEPDIR='.deps'
DSYMUTIL=''
DUMPBIN=''
ECHO_C=''
ECHO_N='-n'
ECHO_T=''
EGREP='/bin/grep -E'
EXEEXT=''
FGREP='/bin/grep -F'
GREP='/bin/grep'
INSTALL_DATA='${INSTALL} -m 644'
INSTALL_PROGRAM='${INSTALL}'
INSTALL_SCRIPT='${INSTALL}'
INSTALL_STRIP_PROGRAM='$(install_sh) -c -s'
LD='/usr/bin/ld'
LDFLAGS=''
LIBOBJS=''
LIBS=''
LIBTOOL='$(SHELL) $(top_builddir)/libtool'
LIPO=''
LN_S='ln -s'
LTLIBOBJS=''
MAKEINFO='${SHELL} /var/libpafe/missing --run makeinfo'
MKDIR_P='/bin/mkdir -p'
NM='/usr/bin/nm -B'
NMEDIT=''
OBJDUMP='objdump'
OBJEXT='o'
OTOOL64=''
OTOOL=''
PACKAGE='libpafe'
PACKAGE_BUGREPORT='ZXB01226@nifty.com'
PACKAGE_NAME='libpafe'
PACKAGE_STRING='libpafe 0.0.7'
PACKAGE_TARNAME='libpafe'
PACKAGE_URL=''
PACKAGE_VERSION='0.0.7'
PATH_SEPARATOR=':'
RANLIB='ranlib'
SED='/bin/sed'
SET_MAKE=''
SHELL='/bin/bash'
STRIP='strip'
VERSION='0.0.7'
ac_ct_CC='gcc'
ac_ct_DUMPBIN=''
am__EXEEXT_FALSE=''
am__EXEEXT_TRUE=''
am__fastdepCC_FALSE='#'
am__fastdepCC_TRUE=''
am__include='include'
am__isrc=''
am__leading_dot='.'
am__quote=''
am__tar='${AMTAR} chof - "$$tardir"'
am__untar='${AMTAR} xf -'
bindir='${exec_prefix}/bin'
build='armv6l-unknown-linux-gnueabi'
build_alias=''
build_cpu='armv6l'
build_os='linux-gnueabi'
build_vendor='unknown'
datadir='${datarootdir}'
datarootdir='${prefix}/share'
docdir='${datarootdir}/doc/${PACKAGE_TARNAME}'
dvidir='${docdir}'
exec_prefix='NONE'
host='armv6l-unknown-linux-gnueabi'
host_alias=''
host_cpu='armv6l'
host_os='linux-gnueabi'
host_vendor='unknown'
htmldir='${docdir}'
includedir='${prefix}/include'
infodir='${datarootdir}/info'
install_sh='${SHELL} /var/libpafe/install-sh'
libdir='${exec_prefix}/lib'
libexecdir='${exec_prefix}/libexec'
localedir='${datarootdir}/locale'
localstatedir='${prefix}/var'
lt_ECHO='echo'
mandir='${datarootdir}/man'
mkdir_p='/bin/mkdir -p'
oldincludedir='/usr/include'
pdfdir='${docdir}'
prefix='NONE'
program_transform_name='s,x,x,'
psdir='${docdir}'
sbindir='${exec_prefix}/sbin'
sharedstatedir='${prefix}/com'
sysconfdir='${prefix}/etc'
target_alias=''

## ----------- ##
## confdefs.h. ##
## ----------- ##

/* confdefs.h */
#define PACKAGE_NAME "libpafe"
#define PACKAGE_TARNAME "libpafe"
#define PACKAGE_VERSION "0.0.7"
#define PACKAGE_STRING "libpafe 0.0.7"
#define PACKAGE_BUGREPORT "ZXB01226@nifty.com"
#define PACKAGE_URL ""
#define PACKAGE "libpafe"
#define VERSION "0.0.7"
#define STDC_HEADERS 1
#define HAVE_SYS_TYPES_H 1
#define HAVE_SYS_STAT_H 1
#define HAVE_STDLIB_H 1
#define HAVE_STRING_H 1
#define HAVE_MEMORY_H 1
#define HAVE_STRINGS_H 1
#define HAVE_INTTYPES_H 1
#define HAVE_STDINT_H 1
#define HAVE_UNISTD_H 1
#define HAVE_DLFCN_H 1
#define LT_OBJDIR ".libs/"
#define STDC_HEADERS 1
#define HAVE_FCNTL_H 1
#define HAVE_STDLIB_H 1
#define HAVE_STDIO_H 1
#define HAVE_STRING_H 1
#define HAVE_SYS_IOCTL_H 1
#define TIME_WITH_SYS_TIME 1
#define SIZEOF_SHORT 2
#define HAVE_STDLIB_H 1
#define HAVE_MALLOC 1
#define HAVE_SYS_TIME_H 1
#define HAVE_UNISTD_H 1
#define HAVE_ALARM 1
#define HAVE_SYS_SELECT_H 1
#define HAVE_SYS_SOCKET_H 1
#define SELECT_TYPE_ARG1 int
#define SELECT_TYPE_ARG234 (fd_set *)
#define SELECT_TYPE_ARG5 (struct timeval *)
#define HAVE_SELECT 1

configure: exit 1
